Using pre-set license
Built from '2020.3/staging' branch; Version is '2020.3.6f1 (338bb68529b2) revision 3378102'; Using compiler version '192528614'; Build Type 'Release'
OS: 'Windows 10 Home Single Language; OS build 19042.1052; Version 2009; 64bit' Language: 'pt' Physical Memory: 4012 MB
BatchMode: 1, IsHumanControllingUs: 0, StartBugReporterOnCrash: 0, Is64bit: 1, IsPro: 0

 COMMAND LINE ARGUMENTS:
C:\Program Files\Unity\Hub\Editor\2020.3.6f1\Editor\Unity.exe
-adb2
-batchMode
-noUpm
-name
AssetImportWorker12
-projectPath
C:/Users/JSous/Documents/GitHub/HealthBar/HealthBar
-logFile
Logs/AssetImportWorker12.log
-srvPort
55938
Successfully changed project path to: C:/Users/JSous/Documents/GitHub/HealthBar/HealthBar
C:/Users/JSous/Documents/GitHub/HealthBar/HealthBar
Using Asset Import Pipeline V2.
Refreshing native plugins compatible for Editor in 96.94 ms, found 1 plugins.
Preloading 0 native plugins for Editor in 0.00 ms.
Initialize engine version: 2020.3.6f1 (338bb68529b2)
[Subsystems] Discovering subsystems at path C:/Program Files/Unity/Hub/Editor/2020.3.6f1/Editor/Data/Resources/UnitySubsystems
[Subsystems] Discovering subsystems at path C:/Users/JSous/Documents/GitHub/HealthBar/HealthBar/Assets
GfxDevice: creating device client; threaded=0
Direct3D:
    Version:  Direct3D 11.0 [level 11.1]
    Renderer: Intel(R) HD Graphics 620 (ID=0x5916)
    Vendor:   
    VRAM:     2006 MB
    Driver:   27.20.100.8681
Initialize mono
Mono path[0] = 'C:/Program Files/Unity/Hub/Editor/2020.3.6f1/Editor/Data/Managed'
Mono path[1] = 'C:/Program Files/Unity/Hub/Editor/2020.3.6f1/Editor/Data/MonoBleedingEdge/lib/mono/unityjit'
Mono config path = 'C:/Program Files/Unity/Hub/Editor/2020.3.6f1/Editor/Data/MonoBleedingEdge/etc'
Using monoOptions --debugger-agent=transport=dt_socket,embedding=1,server=y,suspend=n,address=127.0.0.1:56096
Begin MonoManager ReloadAssembly
Registering precompiled unity dll's ...
Register platform support module: C:/Program Files/Unity/Hub/Editor/2020.3.6f1/Editor/Data/PlaybackEngines/WindowsStandaloneSupport/UnityEditor.WindowsStandalone.Extensions.dll
Registered in 0.003921 seconds.
Native extension for WindowsStandalone target not found
Refreshing native plugins compatible for Editor in 69.22 ms, found 1 plugins.
Preloading 0 native plugins for Editor in 0.00 ms.
Mono: successfully reloaded assembly
- Completed reload, in  2.528 seconds
Platform modules already initialized, skipping
Registering precompiled user dll's ...
Registered in 0.002939 seconds.
Begin MonoManager ReloadAssembly
Native extension for WindowsStandalone target not found
Refreshing native plugins compatible for Editor in 95.15 ms, found 1 plugins.
Preloading 0 native plugins for Editor in 0.00 ms.
Mono: successfully reloaded assembly
- Completed reload, in  2.413 seconds
Platform modules already initialized, skipping
========================================================================
Worker process is ready to serve import requests
Launched and connected shader compiler UnityShaderCompiler.exe after 0.44 seconds
Refreshing native plugins compatible for Editor in 0.62 ms, found 1 plugins.
Preloading 0 native plugins for Editor in 0.00 ms.
Unloading 1809 Unused Serialized files (Serialized files now loaded: 0)
System memory in use before: 85.0 MB.
System memory in use after: 84.9 MB.

Unloading 24 unused Assets to reduce memory usage. Loaded Objects now: 2252.
Total: 5.173200 ms (FindLiveObjects: 0.639100 ms CreateObjectMapping: 0.246800 ms MarkObjects: 4.005000 ms  DeleteObjects: 0.279800 ms)

========================================================================
Received Import Request.
  path: Assets/Sprites/teste (1).png
  artifactKey: Guid(bc5aace81a8cf624ebe17cf06cd112a7) Importer(815301076,1909f56bfc062723c751e8b465ee728b)
Start importing Assets/Sprites/teste (1).png using Guid(bc5aace81a8cf624ebe17cf06cd112a7) Importer(815301076,1909f56bfc062723c751e8b465ee728b)  -> (artifact id: '83cef3e2d9e15a071ad3bd7b7aa28bab') in 0.848466 seconds
  Import took 0.968327 seconds .

========================================================================
Received Import Request.
  Time since last request: 4.271143 seconds.
  path: Assets/Sprites/teste (1).png
  artifactKey: Guid(bc5aace81a8cf624ebe17cf06cd112a7) Importer(815301076,1909f56bfc062723c751e8b465ee728b)
Start importing Assets/Sprites/teste (1).png using Guid(bc5aace81a8cf624ebe17cf06cd112a7) Importer(815301076,1909f56bfc062723c751e8b465ee728b)  -> (artifact id: '04f29c06e38ad8e8695f07c971feaa2c') in 0.048913 seconds
  Import took 0.083645 seconds .

========================================================================
Received Prepare
Registering precompiled user dll's ...
Registered in 0.081324 seconds.
Begin MonoManager ReloadAssembly
Native extension for WindowsStandalone target not found
Refreshing native plugins compatible for Editor in 0.67 ms, found 1 plugins.
Preloading 0 native plugins for Editor in 0.00 ms.
Mono: successfully reloaded assembly
- Completed reload, in  4.044 seconds
Platform modules already initialized, skipping
Refreshing native plugins compatible for Editor in 0.99 ms, found 1 plugins.
Preloading 0 native plugins for Editor in 0.00 ms.
Unloading 1804 Unused Serialized files (Serialized files now loaded: 0)
System memory in use before: 88.0 MB.
System memory in use after: 88.0 MB.

Unloading 12 unused Assets to reduce memory usage. Loaded Objects now: 2262.
Total: 4.465500 ms (FindLiveObjects: 0.364600 ms CreateObjectMapping: 0.149100 ms MarkObjects: 3.718500 ms  DeleteObjects: 0.229700 ms)

========================================================================
Received Import Request.
  Time since last request: 519.286530 seconds.
  path: Assets/Sprites/CZD7S9.gif
  artifactKey: Guid(7b0dd9dda79b6f84aa2145e121c1a26e) Importer(815301076,1909f56bfc062723c751e8b465ee728b)
Start importing Assets/Sprites/CZD7S9.gif using Guid(7b0dd9dda79b6f84aa2145e121c1a26e) Importer(815301076,1909f56bfc062723c751e8b465ee728b)  -> (artifact id: '5557a16e8d7cec54a025adc76169446e') in 0.357356 seconds
  Import took 0.453896 seconds .

========================================================================
Received Prepare
Registering precompiled user dll's ...
Registered in 0.001472 seconds.
Begin MonoManager ReloadAssembly
Native extension for WindowsStandalone target not found
Refreshing native plugins compatible for Editor in 0.69 ms, found 1 plugins.
Preloading 0 native plugins for Editor in 0.00 ms.
Mono: successfully reloaded assembly
- Completed reload, in  2.059 seconds
Platform modules already initialized, skipping
Refreshing native plugins compatible for Editor in 0.73 ms, found 1 plugins.
Preloading 0 native plugins for Editor in 0.00 ms.
Unloading 1804 Unused Serialized files (Serialized files now loaded: 0)
System memory in use before: 88.1 MB.
System memory in use after: 88.0 MB.

Unloading 12 unused Assets to reduce memory usage. Loaded Objects now: 2269.
Total: 4.462300 ms (FindLiveObjects: 0.308400 ms CreateObjectMapping: 0.186200 ms MarkObjects: 3.758400 ms  DeleteObjects: 0.207100 ms)

========================================================================
Received Import Request.
  Time since last request: 176.749214 seconds.
  path: Assets/Sprites/iconPlayer.gif
  artifactKey: Guid(7b0dd9dda79b6f84aa2145e121c1a26e) Importer(815301076,1909f56bfc062723c751e8b465ee728b)
Start importing Assets/Sprites/iconPlayer.gif using Guid(7b0dd9dda79b6f84aa2145e121c1a26e) Importer(815301076,1909f56bfc062723c751e8b465ee728b)  -> (artifact id: '51113d224a3699f5fcf88ddc88f8e9a0') in 0.145384 seconds
  Import took 0.205741 seconds .

AssetImportWorkerClient::OnTransportError - code=2 error=End of file
