Using pre-set license
Built from '2020.3/staging' branch; Version is '2020.3.6f1 (338bb68529b2) revision 3378102'; Using compiler version '192528614'; Build Type 'Release'
OS: 'Windows 10 Home Single Language; OS build 19041.1052; Version 2004; 64bit' Language: 'pt' Physical Memory: 10178 MB
BatchMode: 1, IsHumanControllingUs: 0, StartBugReporterOnCrash: 0, Is64bit: 1, IsPro: 0

 COMMAND LINE ARGUMENTS:
C:\Program Files\Unity\Hub\Editor\2020.3.6f1\Editor\Unity.exe
-adb2
-batchMode
-noUpm
-name
AssetImportWorker0
-projectPath
C:/Users/leand/UnityProjects/GameJam-Equipe2
-logFile
Logs/AssetImportWorker0.log
-srvPort
49456
Successfully changed project path to: C:/Users/leand/UnityProjects/GameJam-Equipe2
C:/Users/leand/UnityProjects/GameJam-Equipe2
Using Asset Import Pipeline V2.
Refreshing native plugins compatible for Editor in 104.50 ms, found 1 plugins.
Preloading 0 native plugins for Editor in 0.00 ms.
Initialize engine version: 2020.3.6f1 (338bb68529b2)
[Subsystems] Discovering subsystems at path C:/Program Files/Unity/Hub/Editor/2020.3.6f1/Editor/Data/Resources/UnitySubsystems
[Subsystems] Discovering subsystems at path C:/Users/leand/UnityProjects/GameJam-Equipe2/Assets
GfxDevice: creating device client; threaded=0
Direct3D:
    Version:  Direct3D 11.0 [level 11.1]
    Renderer: AMD Radeon(TM) Vega 8 Graphics (ID=0x15d8)
    Vendor:   
    VRAM:     5089 MB
    Driver:   27.20.21002.112
Initialize mono
Mono path[0] = 'C:/Program Files/Unity/Hub/Editor/2020.3.6f1/Editor/Data/Managed'
Mono path[1] = 'C:/Program Files/Unity/Hub/Editor/2020.3.6f1/Editor/Data/MonoBleedingEdge/lib/mono/unityjit'
Mono config path = 'C:/Program Files/Unity/Hub/Editor/2020.3.6f1/Editor/Data/MonoBleedingEdge/etc'
Using monoOptions --debugger-agent=transport=dt_socket,embedding=1,server=y,suspend=n,address=127.0.0.1:56140
Begin MonoManager ReloadAssembly
Registering precompiled unity dll's ...
Register platform support module: C:/Program Files/Unity/Hub/Editor/2020.3.6f1/Editor/Data/PlaybackEngines/WindowsStandaloneSupport/UnityEditor.WindowsStandalone.Extensions.dll
Registered in 0.007374 seconds.
Native extension for WindowsStandalone target not found
Refreshing native plugins compatible for Editor in 92.57 ms, found 1 plugins.
Preloading 0 native plugins for Editor in 0.00 ms.
Mono: successfully reloaded assembly
- Completed reload, in  4.955 seconds
Platform modules already initialized, skipping
Registering precompiled user dll's ...
Registered in 0.002046 seconds.
Begin MonoManager ReloadAssembly
Native extension for WindowsStandalone target not found
Refreshing native plugins compatible for Editor in 202.99 ms, found 1 plugins.
Preloading 0 native plugins for Editor in 0.00 ms.
Mono: successfully reloaded assembly
- Completed reload, in  4.755 seconds
Platform modules already initialized, skipping
========================================================================
Worker process is ready to serve import requests
Launched and connected shader compiler UnityShaderCompiler.exe after 0.15 seconds
Refreshing native plugins compatible for Editor in 0.83 ms, found 1 plugins.
Preloading 0 native plugins for Editor in 0.00 ms.
Unloading 1813 Unused Serialized files (Serialized files now loaded: 0)
System memory in use before: 84.9 MB.
System memory in use after: 85.0 MB.

Unloading 19 unused Assets to reduce memory usage. Loaded Objects now: 2260.
Total: 13.291200 ms (FindLiveObjects: 0.727700 ms CreateObjectMapping: 0.337400 ms MarkObjects: 12.079100 ms  DeleteObjects: 0.143400 ms)

========================================================================
Received Import Request.
  path: Assets/Scripts/Player/PlayerMove.cs
  artifactKey: Guid(20099d4ff67fbd640ad755779ac61984) Importer(815301076,1909f56bfc062723c751e8b465ee728b)
Start importing Assets/Scripts/Player/PlayerMove.cs using Guid(20099d4ff67fbd640ad755779ac61984) Importer(815301076,1909f56bfc062723c751e8b465ee728b)  -> (artifact id: '5a336f75103a55a7461094ac6469da18') in 0.069782 seconds
  Import took 0.077385 seconds .

========================================================================
Received Prepare
Refreshing native plugins compatible for Editor in 10.83 ms, found 1 plugins.
Preloading 0 native plugins for Editor in 0.00 ms.
Unloading 5 Unused Serialized files (Serialized files now loaded: 0)
System memory in use before: 48.6 MB.
System memory in use after: 48.7 MB.

Unloading 5 unused Assets to reduce memory usage. Loaded Objects now: 2260.
Total: 14.789400 ms (FindLiveObjects: 1.446100 ms CreateObjectMapping: 0.360100 ms MarkObjects: 12.889600 ms  DeleteObjects: 0.087700 ms)

========================================================================
Received Import Request.
  Time since last request: 382.072754 seconds.
  path: Assets/Scripts/Player/PlayerMove.cs
  artifactKey: Guid(20099d4ff67fbd640ad755779ac61984) Importer(815301076,1909f56bfc062723c751e8b465ee728b)
Start importing Assets/Scripts/Player/PlayerMove.cs using Guid(20099d4ff67fbd640ad755779ac61984) Importer(815301076,1909f56bfc062723c751e8b465ee728b)  -> (artifact id: 'ee352216d47617e0f9f19959c97e1d95') in 0.011629 seconds
  Import took 0.021035 seconds .

========================================================================
Received Prepare
Registering precompiled user dll's ...
Registered in 0.002028 seconds.
Begin MonoManager ReloadAssembly
Native extension for WindowsStandalone target not found
Refreshing native plugins compatible for Editor in 0.58 ms, found 1 plugins.
Preloading 0 native plugins for Editor in 0.00 ms.
Mono: successfully reloaded assembly
- Completed reload, in  1.890 seconds
Platform modules already initialized, skipping
Refreshing native plugins compatible for Editor in 0.58 ms, found 1 plugins.
Preloading 0 native plugins for Editor in 0.00 ms.
Unloading 1803 Unused Serialized files (Serialized files now loaded: 0)
System memory in use before: 84.4 MB.
System memory in use after: 84.5 MB.

Unloading 7 unused Assets to reduce memory usage. Loaded Objects now: 2264.
Total: 4.149600 ms (FindLiveObjects: 0.411900 ms CreateObjectMapping: 0.121700 ms MarkObjects: 3.580400 ms  DeleteObjects: 0.033200 ms)

========================================================================
Received Prepare
Registering precompiled user dll's ...
Registered in 0.001525 seconds.
Begin MonoManager ReloadAssembly
Native extension for WindowsStandalone target not found
Refreshing native plugins compatible for Editor in 0.99 ms, found 1 plugins.
Preloading 0 native plugins for Editor in 0.00 ms.
Mono: successfully reloaded assembly
- Completed reload, in  2.223 seconds
Platform modules already initialized, skipping
Refreshing native plugins compatible for Editor in 1.21 ms, found 1 plugins.
Preloading 0 native plugins for Editor in 0.00 ms.
Unloading 1803 Unused Serialized files (Serialized files now loaded: 0)
System memory in use before: 84.4 MB.
System memory in use after: 84.5 MB.

Unloading 7 unused Assets to reduce memory usage. Loaded Objects now: 2268.
Total: 3.515100 ms (FindLiveObjects: 0.274500 ms CreateObjectMapping: 0.075900 ms MarkObjects: 3.129200 ms  DeleteObjects: 0.033500 ms)

========================================================================
Received Import Request.
  Time since last request: 49.802657 seconds.
  path: Assets/Scripts/Player/PlayerMove.cs
  artifactKey: Guid(20099d4ff67fbd640ad755779ac61984) Importer(815301076,1909f56bfc062723c751e8b465ee728b)
Start importing Assets/Scripts/Player/PlayerMove.cs using Guid(20099d4ff67fbd640ad755779ac61984) Importer(815301076,1909f56bfc062723c751e8b465ee728b)  -> (artifact id: 'd390689f79e598eaba17327c7f9909bd') in 0.014637 seconds
  Import took 0.023099 seconds .

========================================================================
Received Import Request.
  Time since last request: 198.770679 seconds.
  path: Assets/Assets/Arts/Player/Crouch.png
  artifactKey: Guid(06a816392c75a594aa1b95ddaf95b0d1) Importer(815301076,1909f56bfc062723c751e8b465ee728b)
Start importing Assets/Assets/Arts/Player/Crouch.png using Guid(06a816392c75a594aa1b95ddaf95b0d1) Importer(815301076,1909f56bfc062723c751e8b465ee728b)  -> (artifact id: '0ee40cc7cf74081b22bdbddcbcafd0d2') in 0.227442 seconds
  Import took 0.234320 seconds .

========================================================================
Received Import Request.
  Time since last request: 9.712452 seconds.
  path: Assets/Assets/Arts/Player/Crouch.png
  artifactKey: Guid(06a816392c75a594aa1b95ddaf95b0d1) Importer(815301076,1909f56bfc062723c751e8b465ee728b)
Start importing Assets/Assets/Arts/Player/Crouch.png using Guid(06a816392c75a594aa1b95ddaf95b0d1) Importer(815301076,1909f56bfc062723c751e8b465ee728b)  -> (artifact id: '4afa5c8b382afc3e16fda341801834fb') in 0.033088 seconds
  Import took 0.038462 seconds .

========================================================================
Received Import Request.
  Time since last request: 14.232381 seconds.
  path: Assets/Assets/Arts/Player/Crouch.png
  artifactKey: Guid(06a816392c75a594aa1b95ddaf95b0d1) Importer(815301076,1909f56bfc062723c751e8b465ee728b)
Start importing Assets/Assets/Arts/Player/Crouch.png using Guid(06a816392c75a594aa1b95ddaf95b0d1) Importer(815301076,1909f56bfc062723c751e8b465ee728b)  -> (artifact id: 'c342133d730ba65f9c5a5db8f34e9500') in 0.060802 seconds
  Import took 0.066293 seconds .

========================================================================
Received Prepare
Registering precompiled user dll's ...
Registered in 0.001845 seconds.
Begin MonoManager ReloadAssembly
Native extension for WindowsStandalone target not found
Refreshing native plugins compatible for Editor in 0.50 ms, found 1 plugins.
Preloading 0 native plugins for Editor in 0.00 ms.
Mono: successfully reloaded assembly
- Completed reload, in  1.888 seconds
Platform modules already initialized, skipping
Refreshing native plugins compatible for Editor in 0.86 ms, found 1 plugins.
Preloading 0 native plugins for Editor in 0.00 ms.
Unloading 1803 Unused Serialized files (Serialized files now loaded: 0)
System memory in use before: 87.5 MB.
System memory in use after: 87.6 MB.

Unloading 7 unused Assets to reduce memory usage. Loaded Objects now: 2280.
Total: 2.767500 ms (FindLiveObjects: 0.266900 ms CreateObjectMapping: 0.058500 ms MarkObjects: 2.415400 ms  DeleteObjects: 0.025200 ms)

========================================================================
Received Import Request.
  Time since last request: 106.259930 seconds.
  path: Assets/Assets/Animation/Player.controller
  artifactKey: Guid(baae12eb64391ae43be75e4314d97773) Importer(815301076,1909f56bfc062723c751e8b465ee728b)
Start importing Assets/Assets/Animation/Player.controller using Guid(baae12eb64391ae43be75e4314d97773) Importer(815301076,1909f56bfc062723c751e8b465ee728b)  -> (artifact id: '74890811de5a9a984e435c5c30259974') in 0.048442 seconds
  Import took 0.058137 seconds .

========================================================================
Received Prepare
Registering precompiled user dll's ...
Registered in 0.004105 seconds.
Begin MonoManager ReloadAssembly
Native extension for WindowsStandalone target not found
Refreshing native plugins compatible for Editor in 0.88 ms, found 1 plugins.
Preloading 0 native plugins for Editor in 0.00 ms.
Mono: successfully reloaded assembly
- Completed reload, in  1.891 seconds
Platform modules already initialized, skipping
Refreshing native plugins compatible for Editor in 1.08 ms, found 1 plugins.
Preloading 0 native plugins for Editor in 0.00 ms.
Unloading 1803 Unused Serialized files (Serialized files now loaded: 0)
System memory in use before: 87.5 MB.
System memory in use after: 87.6 MB.

Unloading 7 unused Assets to reduce memory usage. Loaded Objects now: 2284.
Total: 4.716000 ms (FindLiveObjects: 0.274900 ms CreateObjectMapping: 0.052200 ms MarkObjects: 4.347200 ms  DeleteObjects: 0.039900 ms)

========================================================================
Received Prepare
Registering precompiled user dll's ...
Registered in 0.003037 seconds.
Begin MonoManager ReloadAssembly
Native extension for WindowsStandalone target not found
Refreshing native plugins compatible for Editor in 0.77 ms, found 1 plugins.
Preloading 0 native plugins for Editor in 0.00 ms.
Mono: successfully reloaded assembly
- Completed reload, in  1.898 seconds
Platform modules already initialized, skipping
Refreshing native plugins compatible for Editor in 0.79 ms, found 1 plugins.
Preloading 0 native plugins for Editor in 0.00 ms.
Unloading 1803 Unused Serialized files (Serialized files now loaded: 0)
System memory in use before: 87.5 MB.
System memory in use after: 87.6 MB.

Unloading 7 unused Assets to reduce memory usage. Loaded Objects now: 2288.
Total: 2.858100 ms (FindLiveObjects: 0.403000 ms CreateObjectMapping: 0.106100 ms MarkObjects: 2.323100 ms  DeleteObjects: 0.024200 ms)

========================================================================
Received Prepare
Registering precompiled user dll's ...
Registered in 0.001608 seconds.
Begin MonoManager ReloadAssembly
Native extension for WindowsStandalone target not found
Refreshing native plugins compatible for Editor in 0.83 ms, found 1 plugins.
Preloading 0 native plugins for Editor in 0.00 ms.
Mono: successfully reloaded assembly
- Completed reload, in  1.826 seconds
Platform modules already initialized, skipping
Refreshing native plugins compatible for Editor in 0.80 ms, found 1 plugins.
Preloading 0 native plugins for Editor in 0.00 ms.
Unloading 1803 Unused Serialized files (Serialized files now loaded: 0)
System memory in use before: 87.5 MB.
System memory in use after: 87.7 MB.

Unloading 7 unused Assets to reduce memory usage. Loaded Objects now: 2292.
Total: 5.522200 ms (FindLiveObjects: 0.380900 ms CreateObjectMapping: 0.130300 ms MarkObjects: 4.967500 ms  DeleteObjects: 0.040600 ms)

========================================================================
Received Prepare
Registering precompiled user dll's ...
Registered in 0.002189 seconds.
Begin MonoManager ReloadAssembly
Native extension for WindowsStandalone target not found
Refreshing native plugins compatible for Editor in 1.42 ms, found 1 plugins.
Preloading 0 native plugins for Editor in 0.00 ms.
Mono: successfully reloaded assembly
- Completed reload, in  2.324 seconds
Platform modules already initialized, skipping
Refreshing native plugins compatible for Editor in 0.93 ms, found 1 plugins.
Preloading 0 native plugins for Editor in 0.00 ms.
Unloading 1803 Unused Serialized files (Serialized files now loaded: 0)
System memory in use before: 87.6 MB.
System memory in use after: 87.7 MB.

Unloading 7 unused Assets to reduce memory usage. Loaded Objects now: 2296.
Total: 6.125700 ms (FindLiveObjects: 0.910500 ms CreateObjectMapping: 0.420800 ms MarkObjects: 4.713600 ms  DeleteObjects: 0.076400 ms)

========================================================================
Received Prepare
Registering precompiled user dll's ...
Registered in 0.001725 seconds.
Begin MonoManager ReloadAssembly
Native extension for WindowsStandalone target not found
Refreshing native plugins compatible for Editor in 0.62 ms, found 1 plugins.
Preloading 0 native plugins for Editor in 0.00 ms.
Mono: successfully reloaded assembly
- Completed reload, in  1.701 seconds
Platform modules already initialized, skipping
Refreshing native plugins compatible for Editor in 1.13 ms, found 1 plugins.
Preloading 0 native plugins for Editor in 0.00 ms.
Unloading 1803 Unused Serialized files (Serialized files now loaded: 0)
System memory in use before: 87.6 MB.
System memory in use after: 87.7 MB.

Unloading 7 unused Assets to reduce memory usage. Loaded Objects now: 2300.
Total: 5.547900 ms (FindLiveObjects: 0.399300 ms CreateObjectMapping: 0.169300 ms MarkObjects: 4.930200 ms  DeleteObjects: 0.045600 ms)

========================================================================
Received Prepare
Registering precompiled user dll's ...
Registered in 0.001846 seconds.
Begin MonoManager ReloadAssembly
Native extension for WindowsStandalone target not found
Refreshing native plugins compatible for Editor in 0.80 ms, found 1 plugins.
Preloading 0 native plugins for Editor in 0.00 ms.
Mono: successfully reloaded assembly
- Completed reload, in  1.690 seconds
Platform modules already initialized, skipping
Refreshing native plugins compatible for Editor in 0.48 ms, found 1 plugins.
Preloading 0 native plugins for Editor in 0.00 ms.
Unloading 1803 Unused Serialized files (Serialized files now loaded: 0)
System memory in use before: 87.6 MB.
System memory in use after: 87.7 MB.

Unloading 7 unused Assets to reduce memory usage. Loaded Objects now: 2304.
Total: 3.573300 ms (FindLiveObjects: 0.297900 ms CreateObjectMapping: 0.083700 ms MarkObjects: 3.156500 ms  DeleteObjects: 0.033200 ms)

========================================================================
Received Prepare
Registering precompiled user dll's ...
Registered in 0.003707 seconds.
Begin MonoManager ReloadAssembly
Native extension for WindowsStandalone target not found
Refreshing native plugins compatible for Editor in 0.61 ms, found 1 plugins.
Preloading 0 native plugins for Editor in 0.00 ms.
Mono: successfully reloaded assembly
- Completed reload, in  2.064 seconds
Platform modules already initialized, skipping
Refreshing native plugins compatible for Editor in 1.43 ms, found 1 plugins.
Preloading 0 native plugins for Editor in 0.00 ms.
Unloading 1803 Unused Serialized files (Serialized files now loaded: 0)
System memory in use before: 87.6 MB.
System memory in use after: 87.7 MB.

Unloading 7 unused Assets to reduce memory usage. Loaded Objects now: 2308.
Total: 6.130100 ms (FindLiveObjects: 0.514800 ms CreateObjectMapping: 0.170200 ms MarkObjects: 5.406200 ms  DeleteObjects: 0.035800 ms)

========================================================================
Received Prepare
Registering precompiled user dll's ...
Registered in 0.003187 seconds.
Begin MonoManager ReloadAssembly
Native extension for WindowsStandalone target not found
Refreshing native plugins compatible for Editor in 0.56 ms, found 1 plugins.
Preloading 0 native plugins for Editor in 0.00 ms.
Mono: successfully reloaded assembly
- Completed reload, in  1.773 seconds
Platform modules already initialized, skipping
Refreshing native plugins compatible for Editor in 0.54 ms, found 1 plugins.
Preloading 0 native plugins for Editor in 0.00 ms.
Unloading 1803 Unused Serialized files (Serialized files now loaded: 0)
System memory in use before: 87.6 MB.
System memory in use after: 87.7 MB.

Unloading 7 unused Assets to reduce memory usage. Loaded Objects now: 2312.
Total: 3.840800 ms (FindLiveObjects: 0.289800 ms CreateObjectMapping: 0.082600 ms MarkObjects: 3.438400 ms  DeleteObjects: 0.027900 ms)

========================================================================
Received Prepare
Registering precompiled user dll's ...
Registered in 0.001779 seconds.
Begin MonoManager ReloadAssembly
Native extension for WindowsStandalone target not found
Refreshing native plugins compatible for Editor in 0.48 ms, found 1 plugins.
Preloading 0 native plugins for Editor in 0.00 ms.
Mono: successfully reloaded assembly
- Completed reload, in  1.728 seconds
Platform modules already initialized, skipping
Refreshing native plugins compatible for Editor in 0.79 ms, found 1 plugins.
Preloading 0 native plugins for Editor in 0.00 ms.
Unloading 1803 Unused Serialized files (Serialized files now loaded: 0)
System memory in use before: 87.6 MB.
System memory in use after: 87.7 MB.

Unloading 7 unused Assets to reduce memory usage. Loaded Objects now: 2316.
Total: 6.220100 ms (FindLiveObjects: 0.388200 ms CreateObjectMapping: 0.088100 ms MarkObjects: 5.687100 ms  DeleteObjects: 0.054400 ms)

========================================================================
Received Prepare
Registering precompiled user dll's ...
Registered in 0.001688 seconds.
Begin MonoManager ReloadAssembly
Native extension for WindowsStandalone target not found
Refreshing native plugins compatible for Editor in 0.63 ms, found 1 plugins.
Preloading 0 native plugins for Editor in 0.00 ms.
Mono: successfully reloaded assembly
- Completed reload, in  1.792 seconds
Platform modules already initialized, skipping
Refreshing native plugins compatible for Editor in 0.79 ms, found 1 plugins.
Preloading 0 native plugins for Editor in 0.00 ms.
Unloading 1803 Unused Serialized files (Serialized files now loaded: 0)
System memory in use before: 87.6 MB.
System memory in use after: 87.7 MB.

Unloading 7 unused Assets to reduce memory usage. Loaded Objects now: 2320.
Total: 2.838900 ms (FindLiveObjects: 0.272000 ms CreateObjectMapping: 0.060700 ms MarkObjects: 2.479900 ms  DeleteObjects: 0.024200 ms)

========================================================================
Received Import Request.
  Time since last request: 869.321253 seconds.
  path: Assets/Assets/Animation/player_walk.anim
  artifactKey: Guid(97e938e81e53f1044a15c21da78c3107) Importer(815301076,1909f56bfc062723c751e8b465ee728b)
Start importing Assets/Assets/Animation/player_walk.anim using Guid(97e938e81e53f1044a15c21da78c3107) Importer(815301076,1909f56bfc062723c751e8b465ee728b)  -> (artifact id: '96f62a36a0072634e0287883d4b71139') in 0.032215 seconds
  Import took 0.037304 seconds .

========================================================================
Received Import Request.
  Time since last request: 0.060877 seconds.
  path: Assets/Assets/Animation/player_walk.anim
  artifactKey: Guid(97e938e81e53f1044a15c21da78c3107) Importer(815301076,1909f56bfc062723c751e8b465ee728b)
Start importing Assets/Assets/Animation/player_walk.anim using Guid(97e938e81e53f1044a15c21da78c3107) Importer(815301076,1909f56bfc062723c751e8b465ee728b)  -> (artifact id: '96f62a36a0072634e0287883d4b71139') in 0.005757 seconds
  Import took 0.010688 seconds .

========================================================================
Received Import Request.
  Time since last request: 0.237900 seconds.
  path: Assets/Assets/Animation/player_squat.anim
  artifactKey: Guid(99dc25b13405cb948b0df255ca89a912) Importer(815301076,1909f56bfc062723c751e8b465ee728b)
Start importing Assets/Assets/Animation/player_squat.anim using Guid(99dc25b13405cb948b0df255ca89a912) Importer(815301076,1909f56bfc062723c751e8b465ee728b)  -> (artifact id: 'f19f77fe3836375bab092e059341d1b8') in 0.014747 seconds
  Import took 0.019891 seconds .

========================================================================
Received Import Request.
  Time since last request: 0.003298 seconds.
  path: Assets/Assets/Animation/player_squat.anim
  artifactKey: Guid(99dc25b13405cb948b0df255ca89a912) Importer(815301076,1909f56bfc062723c751e8b465ee728b)
Start importing Assets/Assets/Animation/player_squat.anim using Guid(99dc25b13405cb948b0df255ca89a912) Importer(815301076,1909f56bfc062723c751e8b465ee728b)  -> (artifact id: 'f19f77fe3836375bab092e059341d1b8') in 0.005321 seconds
  Import took 0.009793 seconds .

========================================================================
Received Import Request.
  Time since last request: 5.349893 seconds.
  path: Assets/Assets/Animation/player_jump.anim
  artifactKey: Guid(8ee3f2cdfa12ece4ebb74d21645d98ef) Importer(815301076,1909f56bfc062723c751e8b465ee728b)
Start importing Assets/Assets/Animation/player_jump.anim using Guid(8ee3f2cdfa12ece4ebb74d21645d98ef) Importer(815301076,1909f56bfc062723c751e8b465ee728b)  -> (artifact id: '2c5e790247559e5571426258689c2269') in 0.014544 seconds
  Import took 0.020267 seconds .

========================================================================
Received Import Request.
  Time since last request: 0.004477 seconds.
  path: Assets/Assets/Animation/player_jump.anim
  artifactKey: Guid(8ee3f2cdfa12ece4ebb74d21645d98ef) Importer(815301076,1909f56bfc062723c751e8b465ee728b)
Start importing Assets/Assets/Animation/player_jump.anim using Guid(8ee3f2cdfa12ece4ebb74d21645d98ef) Importer(815301076,1909f56bfc062723c751e8b465ee728b)  -> (artifact id: '2c5e790247559e5571426258689c2269') in 0.007216 seconds
  Import took 0.012301 seconds .

========================================================================
Received Prepare
Registering precompiled user dll's ...
Registered in 0.001439 seconds.
Begin MonoManager ReloadAssembly
Native extension for WindowsStandalone target not found
Refreshing native plugins compatible for Editor in 0.63 ms, found 1 plugins.
Preloading 0 native plugins for Editor in 0.00 ms.
Mono: successfully reloaded assembly
- Completed reload, in  1.847 seconds
Platform modules already initialized, skipping
Refreshing native plugins compatible for Editor in 0.76 ms, found 1 plugins.
Preloading 0 native plugins for Editor in 0.00 ms.
Unloading 1803 Unused Serialized files (Serialized files now loaded: 0)
System memory in use before: 87.6 MB.
System memory in use after: 87.7 MB.

Unloading 7 unused Assets to reduce memory usage. Loaded Objects now: 2324.
Total: 4.868200 ms (FindLiveObjects: 0.338900 ms CreateObjectMapping: 0.104900 ms MarkObjects: 4.375100 ms  DeleteObjects: 0.046500 ms)

========================================================================
Received Prepare
Registering precompiled user dll's ...
Registered in 0.001868 seconds.
Begin MonoManager ReloadAssembly
Native extension for WindowsStandalone target not found
Refreshing native plugins compatible for Editor in 0.84 ms, found 1 plugins.
Preloading 0 native plugins for Editor in 0.00 ms.
Mono: successfully reloaded assembly
- Completed reload, in  1.797 seconds
Platform modules already initialized, skipping
Refreshing native plugins compatible for Editor in 0.83 ms, found 1 plugins.
Preloading 0 native plugins for Editor in 0.00 ms.
Unloading 1803 Unused Serialized files (Serialized files now loaded: 0)
System memory in use before: 87.6 MB.
System memory in use after: 87.7 MB.

Unloading 7 unused Assets to reduce memory usage. Loaded Objects now: 2328.
Total: 5.579200 ms (FindLiveObjects: 0.405600 ms CreateObjectMapping: 0.133400 ms MarkObjects: 4.994000 ms  DeleteObjects: 0.043100 ms)

========================================================================
Received Prepare
Registering precompiled user dll's ...
Registered in 0.002775 seconds.
Begin MonoManager ReloadAssembly
Native extension for WindowsStandalone target not found
Refreshing native plugins compatible for Editor in 0.45 ms, found 1 plugins.
Preloading 0 native plugins for Editor in 0.00 ms.
Mono: successfully reloaded assembly
- Completed reload, in  2.505 seconds
Platform modules already initialized, skipping
Refreshing native plugins compatible for Editor in 0.59 ms, found 1 plugins.
Preloading 0 native plugins for Editor in 0.00 ms.
Unloading 1803 Unused Serialized files (Serialized files now loaded: 0)
System memory in use before: 87.6 MB.
System memory in use after: 87.7 MB.

Unloading 7 unused Assets to reduce memory usage. Loaded Objects now: 2332.
Total: 6.797600 ms (FindLiveObjects: 0.609300 ms CreateObjectMapping: 0.203400 ms MarkObjects: 5.932300 ms  DeleteObjects: 0.049700 ms)

========================================================================
Received Prepare
Registering precompiled user dll's ...
Registered in 0.002008 seconds.
Begin MonoManager ReloadAssembly
Native extension for WindowsStandalone target not found
Refreshing native plugins compatible for Editor in 0.48 ms, found 1 plugins.
Preloading 0 native plugins for Editor in 0.00 ms.
Mono: successfully reloaded assembly
- Completed reload, in  1.813 seconds
Platform modules already initialized, skipping
Refreshing native plugins compatible for Editor in 0.83 ms, found 1 plugins.
Preloading 0 native plugins for Editor in 0.00 ms.
Unloading 1803 Unused Serialized files (Serialized files now loaded: 0)
System memory in use before: 87.6 MB.
System memory in use after: 87.8 MB.

Unloading 7 unused Assets to reduce memory usage. Loaded Objects now: 2336.
Total: 4.530600 ms (FindLiveObjects: 0.315200 ms CreateObjectMapping: 0.053700 ms MarkObjects: 4.123500 ms  DeleteObjects: 0.036000 ms)

========================================================================
Received Prepare
Registering precompiled user dll's ...
Registered in 0.001410 seconds.
Begin MonoManager ReloadAssembly
Native extension for WindowsStandalone target not found
Refreshing native plugins compatible for Editor in 0.78 ms, found 1 plugins.
Preloading 0 native plugins for Editor in 0.00 ms.
Mono: successfully reloaded assembly
- Completed reload, in  2.397 seconds
Platform modules already initialized, skipping
Refreshing native plugins compatible for Editor in 0.56 ms, found 1 plugins.
Preloading 0 native plugins for Editor in 0.00 ms.
Unloading 1803 Unused Serialized files (Serialized files now loaded: 0)
System memory in use before: 87.7 MB.
System memory in use after: 87.8 MB.

Unloading 7 unused Assets to reduce memory usage. Loaded Objects now: 2340.
Total: 4.231900 ms (FindLiveObjects: 0.683800 ms CreateObjectMapping: 0.272700 ms MarkObjects: 3.238300 ms  DeleteObjects: 0.033900 ms)

========================================================================
Received Prepare
Registering precompiled user dll's ...
Registered in 0.001483 seconds.
Begin MonoManager ReloadAssembly
Native extension for WindowsStandalone target not found
Refreshing native plugins compatible for Editor in 0.44 ms, found 1 plugins.
Preloading 0 native plugins for Editor in 0.00 ms.
Mono: successfully reloaded assembly
- Completed reload, in  2.058 seconds
Platform modules already initialized, skipping
Refreshing native plugins compatible for Editor in 0.81 ms, found 1 plugins.
Preloading 0 native plugins for Editor in 0.00 ms.
Unloading 1803 Unused Serialized files (Serialized files now loaded: 0)
System memory in use before: 87.7 MB.
System memory in use after: 87.8 MB.

Unloading 7 unused Assets to reduce memory usage. Loaded Objects now: 2344.
Total: 5.632800 ms (FindLiveObjects: 0.473500 ms CreateObjectMapping: 0.134200 ms MarkObjects: 4.973500 ms  DeleteObjects: 0.049300 ms)

========================================================================
Received Prepare
Registering precompiled user dll's ...
Registered in 0.003046 seconds.
Begin MonoManager ReloadAssembly
Native extension for WindowsStandalone target not found
Refreshing native plugins compatible for Editor in 0.47 ms, found 1 plugins.
Preloading 0 native plugins for Editor in 0.00 ms.
Mono: successfully reloaded assembly
- Completed reload, in  1.834 seconds
Platform modules already initialized, skipping
Refreshing native plugins compatible for Editor in 0.48 ms, found 1 plugins.
Preloading 0 native plugins for Editor in 0.00 ms.
Unloading 1803 Unused Serialized files (Serialized files now loaded: 0)
System memory in use before: 87.7 MB.
System memory in use after: 87.8 MB.

Unloading 7 unused Assets to reduce memory usage. Loaded Objects now: 2348.
Total: 5.296800 ms (FindLiveObjects: 0.407100 ms CreateObjectMapping: 0.130500 ms MarkObjects: 4.716200 ms  DeleteObjects: 0.040300 ms)

========================================================================
Received Prepare
Registering precompiled user dll's ...
Registered in 0.001983 seconds.
Begin MonoManager ReloadAssembly
Native extension for WindowsStandalone target not found
Refreshing native plugins compatible for Editor in 0.92 ms, found 1 plugins.
Preloading 0 native plugins for Editor in 0.00 ms.
Mono: successfully reloaded assembly
- Completed reload, in  1.675 seconds
Platform modules already initialized, skipping
Refreshing native plugins compatible for Editor in 0.51 ms, found 1 plugins.
Preloading 0 native plugins for Editor in 0.00 ms.
Unloading 1803 Unused Serialized files (Serialized files now loaded: 0)
System memory in use before: 87.7 MB.
System memory in use after: 87.8 MB.

Unloading 7 unused Assets to reduce memory usage. Loaded Objects now: 2352.
Total: 4.882000 ms (FindLiveObjects: 0.421800 ms CreateObjectMapping: 0.113000 ms MarkObjects: 4.300300 ms  DeleteObjects: 0.043800 ms)

========================================================================
Received Prepare
Registering precompiled user dll's ...
Registered in 0.001592 seconds.
Begin MonoManager ReloadAssembly
Native extension for WindowsStandalone target not found
Refreshing native plugins compatible for Editor in 0.79 ms, found 1 plugins.
Preloading 0 native plugins for Editor in 0.00 ms.
Mono: successfully reloaded assembly
- Completed reload, in  1.692 seconds
Platform modules already initialized, skipping
Refreshing native plugins compatible for Editor in 0.69 ms, found 1 plugins.
Preloading 0 native plugins for Editor in 0.00 ms.
Unloading 1803 Unused Serialized files (Serialized files now loaded: 0)
System memory in use before: 87.7 MB.
System memory in use after: 87.8 MB.

Unloading 7 unused Assets to reduce memory usage. Loaded Objects now: 2356.
Total: 4.845000 ms (FindLiveObjects: 0.354100 ms CreateObjectMapping: 0.109500 ms MarkObjects: 4.334800 ms  DeleteObjects: 0.043300 ms)

AssetImportWorkerClient::OnTransportError - code=2 error=End of file
