Using pre-set license
Built from '2020.3/staging' branch; Version is '2020.3.6f1 (338bb68529b2) revision 3378102'; Using compiler version '192528614'; Build Type 'Release'
OS: 'Windows 10 Home Single Language; OS build 19042.1052; Version 2009; 64bit' Language: 'pt' Physical Memory: 4012 MB
BatchMode: 1, IsHumanControllingUs: 0, StartBugReporterOnCrash: 0, Is64bit: 1, IsPro: 0

 COMMAND LINE ARGUMENTS:
C:\Program Files\Unity\Hub\Editor\2020.3.6f1\Editor\Unity.exe
-adb2
-batchMode
-noUpm
-name
AssetImportWorker9
-projectPath
C:/Users/JSous/Documents/GitHub/GameJam-Equipe-2
-logFile
Logs/AssetImportWorker9.log
-srvPort
51635
Successfully changed project path to: C:/Users/JSous/Documents/GitHub/GameJam-Equipe-2
C:/Users/JSous/Documents/GitHub/GameJam-Equipe-2
Using Asset Import Pipeline V2.
Refreshing native plugins compatible for Editor in 104.97 ms, found 1 plugins.
Preloading 0 native plugins for Editor in 0.00 ms.
Initialize engine version: 2020.3.6f1 (338bb68529b2)
[Subsystems] Discovering subsystems at path C:/Program Files/Unity/Hub/Editor/2020.3.6f1/Editor/Data/Resources/UnitySubsystems
[Subsystems] Discovering subsystems at path C:/Users/JSous/Documents/GitHub/GameJam-Equipe-2/Assets
GfxDevice: creating device client; threaded=0
Direct3D:
    Version:  Direct3D 11.0 [level 11.1]
    Renderer: Intel(R) HD Graphics 620 (ID=0x5916)
    Vendor:   
    VRAM:     2006 MB
    Driver:   27.20.100.8681
Shader 'Universal Render Pipeline/Particles/Lit': fallback shader 'Universal Render Pipeline/Particles/SimpleLit' not found
Initialize mono
Mono path[0] = 'C:/Program Files/Unity/Hub/Editor/2020.3.6f1/Editor/Data/Managed'
Mono path[1] = 'C:/Program Files/Unity/Hub/Editor/2020.3.6f1/Editor/Data/MonoBleedingEdge/lib/mono/unityjit'
Mono config path = 'C:/Program Files/Unity/Hub/Editor/2020.3.6f1/Editor/Data/MonoBleedingEdge/etc'
Using monoOptions --debugger-agent=transport=dt_socket,embedding=1,server=y,suspend=n,address=127.0.0.1:56052
Begin MonoManager ReloadAssembly
Registering precompiled unity dll's ...
Register platform support module: C:/Program Files/Unity/Hub/Editor/2020.3.6f1/Editor/Data/PlaybackEngines/WindowsStandaloneSupport/UnityEditor.WindowsStandalone.Extensions.dll
Registered in 0.003372 seconds.
Native extension for WindowsStandalone target not found
Refreshing native plugins compatible for Editor in 120.82 ms, found 1 plugins.
Preloading 0 native plugins for Editor in 0.00 ms.
Mono: successfully reloaded assembly
- Completed reload, in  1.829 seconds
Platform modules already initialized, skipping
Registering precompiled user dll's ...
Registered in 0.002777 seconds.
Begin MonoManager ReloadAssembly
Native extension for WindowsStandalone target not found
Refreshing native plugins compatible for Editor in 95.27 ms, found 1 plugins.
Preloading 0 native plugins for Editor in 0.00 ms.
Mono: successfully reloaded assembly
- Completed reload, in  4.061 seconds
Platform modules already initialized, skipping
========================================================================
Worker process is ready to serve import requests
Shader 'Universal Render Pipeline/Particles/Lit': fallback shader 'Universal Render Pipeline/Particles/SimpleLit' not found
Launched and connected shader compiler UnityShaderCompiler.exe after 3.57 seconds
Refreshing native plugins compatible for Editor in 1.13 ms, found 1 plugins.
Preloading 0 native plugins for Editor in 0.00 ms.
Unloading 3168 Unused Serialized files (Serialized files now loaded: 0)
System memory in use before: 141.0 MB.
System memory in use after: 141.2 MB.

Unloading 21 unused Assets to reduce memory usage. Loaded Objects now: 3614.
Total: 4.403500 ms (FindLiveObjects: 0.369700 ms CreateObjectMapping: 0.206900 ms MarkObjects: 3.701600 ms  DeleteObjects: 0.122500 ms)

========================================================================
Received Import Request.
  path: Assets/Prefabs/Platform.prefab
  artifactKey: Guid(9a9070f0f16237641bc84fd42a1867ff) Importer(815301076,1909f56bfc062723c751e8b465ee728b)
Start importing Assets/Prefabs/Platform.prefab using Guid(9a9070f0f16237641bc84fd42a1867ff) Importer(815301076,1909f56bfc062723c751e8b465ee728b)  -> (artifact id: '1bd8a3433913e147c26f96d3ff9b365b') in 9.272847 seconds
  Import took 9.343013 seconds .

========================================================================
Received Import Request.
  Time since last request: 0.000713 seconds.
  path: Assets/Scenes/Menu.unity
  artifactKey: Guid(17339ba214e679a47b12360a604388a2) Importer(815301076,1909f56bfc062723c751e8b465ee728b)
Start importing Assets/Scenes/Menu.unity using Guid(17339ba214e679a47b12360a604388a2) Importer(815301076,1909f56bfc062723c751e8b465ee728b)  -> (artifact id: 'da36a0247f799e382429be3087e55606') in 0.038161 seconds
  Import took 0.051171 seconds .

========================================================================
Received Import Request.
  Time since last request: 0.000313 seconds.
  path: Assets/Prefabs/camada3.png
  artifactKey: Guid(a79807bba5054584d99fa52c5e899ce5) Importer(815301076,1909f56bfc062723c751e8b465ee728b)
Start importing Assets/Prefabs/camada3.png using Guid(a79807bba5054584d99fa52c5e899ce5) Importer(815301076,1909f56bfc062723c751e8b465ee728b)  -> (artifact id: 'b96f927a924fedb0db579310d885c882') in 0.481375 seconds
  Import took 0.489567 seconds .

========================================================================
Received Import Request.
  Time since last request: 0.000298 seconds.
  path: Assets/Prefabs/player_shot.prefab
  artifactKey: Guid(3a513b2dba760f84285a6e8a12d38d00) Importer(815301076,1909f56bfc062723c751e8b465ee728b)
Start importing Assets/Prefabs/player_shot.prefab using Guid(3a513b2dba760f84285a6e8a12d38d00) Importer(815301076,1909f56bfc062723c751e8b465ee728b)  -> (artifact id: '45d7c3c9d9e0058b72d53298281e0d03') in 0.232934 seconds
  Import took 0.287573 seconds .

========================================================================
Received Import Request.
  Time since last request: 0.000574 seconds.
  path: Assets/Prefabs/camada4.png
  artifactKey: Guid(8a4685429efe6c74ca439e029d1f8245) Importer(815301076,1909f56bfc062723c751e8b465ee728b)
Start importing Assets/Prefabs/camada4.png using Guid(8a4685429efe6c74ca439e029d1f8245) Importer(815301076,1909f56bfc062723c751e8b465ee728b)  -> (artifact id: '4f92430818e761ab0d750e659d705fe1') in 0.048759 seconds
  Import took 0.059106 seconds .

========================================================================
Received Import Request.
  Time since last request: 0.000331 seconds.
  path: Assets/Prefabs/camada1.png
  artifactKey: Guid(030b08a16b69cf6469f504d04f9714a1) Importer(815301076,1909f56bfc062723c751e8b465ee728b)
Start importing Assets/Prefabs/camada1.png using Guid(030b08a16b69cf6469f504d04f9714a1) Importer(815301076,1909f56bfc062723c751e8b465ee728b)  -> (artifact id: '68a7a25b6da8810b4b54957447f15b0f') in 0.108129 seconds
  Import took 0.121854 seconds .

========================================================================
Received Import Request.
  Time since last request: 0.000492 seconds.
  path: Assets/Prefabs/Player.prefab
  artifactKey: Guid(624ed92635907b74fa22b3918ef9b85a) Importer(815301076,1909f56bfc062723c751e8b465ee728b)
Start importing Assets/Prefabs/Player.prefab using Guid(624ed92635907b74fa22b3918ef9b85a) Importer(815301076,1909f56bfc062723c751e8b465ee728b)  -> (artifact id: 'bc2c6997d0b28521fbb92bcbb5bf0107') in 2.770287 seconds
  Import took 2.779814 seconds .

========================================================================
Received Import Request.
  Time since last request: 0.000404 seconds.
  path: Assets/Prefabs/Enemy.prefab
  artifactKey: Guid(c8593edc428e0644b8550274c6a38dcc) Importer(815301076,1909f56bfc062723c751e8b465ee728b)
Start importing Assets/Prefabs/Enemy.prefab using Guid(c8593edc428e0644b8550274c6a38dcc) Importer(815301076,1909f56bfc062723c751e8b465ee728b)  -> (artifact id: '8b618fbb2f2650e88202b7ba2a3d8c73') in 0.157543 seconds
  Import took 0.222913 seconds .

========================================================================
Received Import Request.
  Time since last request: 0.000597 seconds.
  path: Assets/Prefabs/groundtorch3.prefab
  artifactKey: Guid(b2b387292d2af4746a438871bb149e91) Importer(815301076,1909f56bfc062723c751e8b465ee728b)
Start importing Assets/Prefabs/groundtorch3.prefab using Guid(b2b387292d2af4746a438871bb149e91) Importer(815301076,1909f56bfc062723c751e8b465ee728b)  -> (artifact id: '38a410e791cd1c3aca83a27e81abc2f2') in 0.108234 seconds
  Import took 0.118739 seconds .

========================================================================
Received Import Request.
  Time since last request: 0.000378 seconds.
  path: Assets/Prefabs/bullet.prefab
  artifactKey: Guid(2145b6eb7f680754f9fde3bfcd663b14) Importer(815301076,1909f56bfc062723c751e8b465ee728b)
Start importing Assets/Prefabs/bullet.prefab using Guid(2145b6eb7f680754f9fde3bfcd663b14) Importer(815301076,1909f56bfc062723c751e8b465ee728b)  -> (artifact id: '41c4572cd52013155f423b59210a715e') in 0.085637 seconds
  Import took 0.156364 seconds .

========================================================================
Received Import Request.
  Time since last request: 0.000667 seconds.
  path: Assets/Prefabs/Background.prefab
  artifactKey: Guid(46b9a2905d388b2449d61f7b819416a2) Importer(815301076,1909f56bfc062723c751e8b465ee728b)
Start importing Assets/Prefabs/Background.prefab using Guid(46b9a2905d388b2449d61f7b819416a2) Importer(815301076,1909f56bfc062723c751e8b465ee728b)  -> (artifact id: '5dc3bdd8bd513a0d4997dd4e87551018') in 0.134589 seconds
  Import took 0.146772 seconds .

========================================================================
Received Import Request.
  Time since last request: 0.000391 seconds.
  path: Assets/Prefabs/MenuBackground.prefab
  artifactKey: Guid(86b41e478d1b4e74e880d4bc4230b4d5) Importer(815301076,1909f56bfc062723c751e8b465ee728b)
Start importing Assets/Prefabs/MenuBackground.prefab using Guid(86b41e478d1b4e74e880d4bc4230b4d5) Importer(815301076,1909f56bfc062723c751e8b465ee728b)  -> (artifact id: 'e01698a0e87da99dbe7b22fd9280aa14') in 0.180208 seconds
  Import took 0.188032 seconds .

========================================================================
Received Import Request.
  Time since last request: 0.000299 seconds.
  path: Assets/Prefabs/Ranger.prefab
  artifactKey: Guid(8f12868768645b242bb95ad31fbb82cb) Importer(815301076,1909f56bfc062723c751e8b465ee728b)
Start importing Assets/Prefabs/Ranger.prefab using Guid(8f12868768645b242bb95ad31fbb82cb) Importer(815301076,1909f56bfc062723c751e8b465ee728b)  -> (artifact id: 'd0c1deb7718885a6bfa451450ad9d80b') in 0.054134 seconds
  Import took 0.062890 seconds .

========================================================================
Received Import Request.
  Time since last request: 0.000395 seconds.
  path: Assets/Prefabs/camada2.png
  artifactKey: Guid(76df14aad6a5452488fd2c5154f3f3d4) Importer(815301076,1909f56bfc062723c751e8b465ee728b)
Start importing Assets/Prefabs/camada2.png using Guid(76df14aad6a5452488fd2c5154f3f3d4) Importer(815301076,1909f56bfc062723c751e8b465ee728b)  -> (artifact id: 'b967a091e8cc2b07ff963d727d25a20b') in 0.042459 seconds
  Import took 0.051414 seconds .

========================================================================
Received Import Request.
  Time since last request: 0.000255 seconds.
  path: Assets/Prefabs/thunder.prefab
  artifactKey: Guid(819dc2a7ae5e34e4e8b20435c572fd85) Importer(815301076,1909f56bfc062723c751e8b465ee728b)
Start importing Assets/Prefabs/thunder.prefab using Guid(819dc2a7ae5e34e4e8b20435c572fd85) Importer(815301076,1909f56bfc062723c751e8b465ee728b)  -> (artifact id: '3c741933271bfbc2080484d864269901') in 0.243228 seconds
  Import took 0.251610 seconds .

========================================================================
Received Import Request.
  Time since last request: 0.000410 seconds.
  path: Assets/Prefabs/ground.prefab
  artifactKey: Guid(25a297015732d5c429f2e05248b9bbaf) Importer(815301076,1909f56bfc062723c751e8b465ee728b)
Start importing Assets/Prefabs/ground.prefab using Guid(25a297015732d5c429f2e05248b9bbaf) Importer(815301076,1909f56bfc062723c751e8b465ee728b)  -> (artifact id: '2dc5c1aa0db1274e505d8e509e202722') in 0.033800 seconds
  Import took 0.042572 seconds .

========================================================================
Received Import Request.
  Time since last request: 0.002796 seconds.
  path: Assets/Prefabs/ground.prefab
  artifactKey: Guid(25a297015732d5c429f2e05248b9bbaf) Importer(815301076,1909f56bfc062723c751e8b465ee728b)
Start importing Assets/Prefabs/ground.prefab using Guid(25a297015732d5c429f2e05248b9bbaf) Importer(815301076,1909f56bfc062723c751e8b465ee728b)  -> (artifact id: '2dc5c1aa0db1274e505d8e509e202722') in 0.020542 seconds
  Import took 0.031315 seconds .

========================================================================
Received Import Request.
  Time since last request: 12.819334 seconds.
  path: Assets/Prefabs/spike_ground1.png
  artifactKey: Guid(a4141c26a43f9494380bbd1452ae3a92) Importer(815301076,1909f56bfc062723c751e8b465ee728b)
Start importing Assets/Prefabs/spike_ground1.png using Guid(a4141c26a43f9494380bbd1452ae3a92) Importer(815301076,1909f56bfc062723c751e8b465ee728b)  -> (artifact id: 'c3214b2d9fb02824477f96c663cc4f15') in 0.023430 seconds
  Import took 0.099419 seconds .

========================================================================
Received Import Request.
  Time since last request: 0.000389 seconds.
  path: Assets/Prefabs/spike_ground2.png
  artifactKey: Guid(ead0520f01a982443a6fb9092f5dad12) Importer(815301076,1909f56bfc062723c751e8b465ee728b)
Start importing Assets/Prefabs/spike_ground2.png using Guid(ead0520f01a982443a6fb9092f5dad12) Importer(815301076,1909f56bfc062723c751e8b465ee728b)  -> (artifact id: 'ca65b7bda8b047d80c6afcde4e05571d') in 0.019071 seconds
  Import took 0.026464 seconds .

========================================================================
Received Import Request.
  Time since last request: 0.000500 seconds.
  path: Assets/Prefabs/spike_ground3.png
  artifactKey: Guid(2cd5b1ce2b38f024fb2b7ccdb96b2a32) Importer(815301076,1909f56bfc062723c751e8b465ee728b)
Start importing Assets/Prefabs/spike_ground3.png using Guid(2cd5b1ce2b38f024fb2b7ccdb96b2a32) Importer(815301076,1909f56bfc062723c751e8b465ee728b)  -> (artifact id: 'ee4abafe816b72c3ac2388a2f951e6d1') in 0.069302 seconds
  Import took 0.078721 seconds .

========================================================================
Received Import Request.
  Time since last request: 0.000314 seconds.
  path: Assets/Prefabs/spike_ground4.png
  artifactKey: Guid(54971584eec2d4e45b1754cd0144eeb4) Importer(815301076,1909f56bfc062723c751e8b465ee728b)
Start importing Assets/Prefabs/spike_ground4.png using Guid(54971584eec2d4e45b1754cd0144eeb4) Importer(815301076,1909f56bfc062723c751e8b465ee728b)  -> (artifact id: '0466729e3332639d5cbb6a33b7bf8125') in 0.027441 seconds
  Import took 0.036892 seconds .

========================================================================
Received Import Request.
  Time since last request: 0.000336 seconds.
  path: Assets/Prefabs/spike_ground6.png
  artifactKey: Guid(c64d2c485ec63244480a02d5e2ad44fe) Importer(815301076,1909f56bfc062723c751e8b465ee728b)
Start importing Assets/Prefabs/spike_ground6.png using Guid(c64d2c485ec63244480a02d5e2ad44fe) Importer(815301076,1909f56bfc062723c751e8b465ee728b)  -> (artifact id: 'b7e267675146bd9cb84cff4abd3ca69e') in 0.046068 seconds
  Import took 0.055838 seconds .

========================================================================
Received Import Request.
  Time since last request: 0.000355 seconds.
  path: Assets/Prefabs/spike_ground5.png
  artifactKey: Guid(2aa787e513aef004fbcc8244cd2e42e5) Importer(815301076,1909f56bfc062723c751e8b465ee728b)
Start importing Assets/Prefabs/spike_ground5.png using Guid(2aa787e513aef004fbcc8244cd2e42e5) Importer(815301076,1909f56bfc062723c751e8b465ee728b)  -> (artifact id: 'dfcb5116795a014959e3017fcb147feb') in 0.022453 seconds
  Import took 0.033606 seconds .

========================================================================
Received Import Request.
  Time since last request: 1121.991008 seconds.
  path: Assets/Prefabs
  artifactKey: Guid(413d337830b12ac4ca81f090a5cfa43d) Importer(815301076,1909f56bfc062723c751e8b465ee728b)
Start importing Assets/Prefabs using Guid(413d337830b12ac4ca81f090a5cfa43d) Importer(815301076,1909f56bfc062723c751e8b465ee728b)  -> (artifact id: '9163bbf59561cd0c717971a2470c2112') in 0.246938 seconds
  Import took 1.744010 seconds .

========================================================================
Received Import Request.
  Time since last request: 1.418525 seconds.
  path: Assets/Prefabs
  artifactKey: Guid(413d337830b12ac4ca81f090a5cfa43d) Importer(815301076,1909f56bfc062723c751e8b465ee728b)
Start importing Assets/Prefabs using Guid(413d337830b12ac4ca81f090a5cfa43d) Importer(815301076,1909f56bfc062723c751e8b465ee728b)  -> (artifact id: '9163bbf59561cd0c717971a2470c2112') in 0.019224 seconds
  Import took 0.039092 seconds .

========================================================================
Received Import Request.
  Time since last request: 3.641967 seconds.
  path: Assets/Prefabs/Spikes
  artifactKey: Guid(53df4a8363556714f83d9e328d7fa6f0) Importer(815301076,1909f56bfc062723c751e8b465ee728b)
Start importing Assets/Prefabs/Spikes using Guid(53df4a8363556714f83d9e328d7fa6f0) Importer(815301076,1909f56bfc062723c751e8b465ee728b)  -> (artifact id: '62212e2f013ce4d1bc08413732a82e90') in 0.033020 seconds
  Import took 0.087543 seconds .

========================================================================
Received Import Request.
  Time since last request: 0.000856 seconds.
  path: Assets/Prefabs/Spikes
  artifactKey: Guid(53df4a8363556714f83d9e328d7fa6f0) Importer(815301076,1909f56bfc062723c751e8b465ee728b)
Start importing Assets/Prefabs/Spikes using Guid(53df4a8363556714f83d9e328d7fa6f0) Importer(815301076,1909f56bfc062723c751e8b465ee728b)  -> (artifact id: '62212e2f013ce4d1bc08413732a82e90') in 0.004742 seconds
  Import took 0.020065 seconds .

========================================================================
Received Import Request.
  Time since last request: 40.688118 seconds.
  path: Assets/Prefabs/Spikes/spike_ground2.png
  artifactKey: Guid(5f942b2e2b5cb4d449fb65a0c8c5e504) Importer(815301076,1909f56bfc062723c751e8b465ee728b)
Start importing Assets/Prefabs/Spikes/spike_ground2.png using Guid(5f942b2e2b5cb4d449fb65a0c8c5e504) Importer(815301076,1909f56bfc062723c751e8b465ee728b)  -> (artifact id: '96bd47e999ee32060ded5c685dbc6b11') in 0.787440 seconds
  Import took 0.841165 seconds .

========================================================================
Received Import Request.
  Time since last request: 10.119640 seconds.
  path: Assets/Prefabs/Spikes/spike_ground1.png
  artifactKey: Guid(1fa6a33fe417f8f40b0b8b14c61f78e2) Importer(815301076,1909f56bfc062723c751e8b465ee728b)
Start importing Assets/Prefabs/Spikes/spike_ground1.png using Guid(1fa6a33fe417f8f40b0b8b14c61f78e2) Importer(815301076,1909f56bfc062723c751e8b465ee728b)  -> (artifact id: 'cea2d518844aee3882a4ed9ab8ca677b') in 0.070727 seconds
  Import took 0.105267 seconds .

========================================================================
Received Import Request.
  Time since last request: 0.000500 seconds.
  path: Assets/Prefabs/Spikes/spike_ground4.png
  artifactKey: Guid(d016bfa33411f7c4f8f9501d6c1c5a78) Importer(815301076,1909f56bfc062723c751e8b465ee728b)
Start importing Assets/Prefabs/Spikes/spike_ground4.png using Guid(d016bfa33411f7c4f8f9501d6c1c5a78) Importer(815301076,1909f56bfc062723c751e8b465ee728b)  -> (artifact id: 'd24622723db7d9a2265ebd80946c4cf7') in 0.042251 seconds
  Import took 0.098778 seconds .

========================================================================
Received Import Request.
  Time since last request: 0.000750 seconds.
  path: Assets/Prefabs/Spikes/spike_ground3.png
  artifactKey: Guid(0960fe3adcf9b5a4ebdb466eb45e99e7) Importer(815301076,1909f56bfc062723c751e8b465ee728b)
Start importing Assets/Prefabs/Spikes/spike_ground3.png using Guid(0960fe3adcf9b5a4ebdb466eb45e99e7) Importer(815301076,1909f56bfc062723c751e8b465ee728b)  -> (artifact id: 'da2dceb989c148e41f04fe96c56830cf') in 0.066440 seconds
  Import took 0.082822 seconds .

========================================================================
Received Import Request.
  Time since last request: 0.000517 seconds.
  path: Assets/Prefabs/Spikes/spike_ground6.png
  artifactKey: Guid(d5ee384745b18484599c152467ce2241) Importer(815301076,1909f56bfc062723c751e8b465ee728b)
Start importing Assets/Prefabs/Spikes/spike_ground6.png using Guid(d5ee384745b18484599c152467ce2241) Importer(815301076,1909f56bfc062723c751e8b465ee728b)  -> (artifact id: '87b09359c52b35c587bbe515a958266c') in 0.050132 seconds
  Import took 0.121949 seconds .

========================================================================
Received Import Request.
  Time since last request: 0.000881 seconds.
  path: Assets/Prefabs/Spikes/spike_ground5.png
  artifactKey: Guid(61ce044f32c621645ae51f25aa067216) Importer(815301076,1909f56bfc062723c751e8b465ee728b)
Start importing Assets/Prefabs/Spikes/spike_ground5.png using Guid(61ce044f32c621645ae51f25aa067216) Importer(815301076,1909f56bfc062723c751e8b465ee728b)  -> (artifact id: 'ab353a6a76002308052292e4e8caa776') in 0.079968 seconds
  Import took 0.134675 seconds .

========================================================================
Received Import Request.
  Time since last request: 8.784243 seconds.
  path: Assets/Scenes/Boss scene.unity
  artifactKey: Guid(b08e73b6aa3c10b4dbaba4bd0427cff2) Importer(815301076,1909f56bfc062723c751e8b465ee728b)
Start importing Assets/Scenes/Boss scene.unity using Guid(b08e73b6aa3c10b4dbaba4bd0427cff2) Importer(815301076,1909f56bfc062723c751e8b465ee728b)  -> (artifact id: '2af3ba6cd454b01cfe17bc4b38eeeca9') in 0.054278 seconds
  Import took 0.122633 seconds .

========================================================================
Received Import Request.
  Time since last request: 362.181092 seconds.
  path: Assets/Prefabs/Spikes/spikes.anim
  artifactKey: Guid(571e6a60f9109fa458f39663ca756fd1) Importer(815301076,1909f56bfc062723c751e8b465ee728b)
Start importing Assets/Prefabs/Spikes/spikes.anim using Guid(571e6a60f9109fa458f39663ca756fd1) Importer(815301076,1909f56bfc062723c751e8b465ee728b)  -> (artifact id: '1e337d46b5337a607c776f9bfaccc71b') in 0.387192 seconds
  Import took 0.428031 seconds .

========================================================================
Received Import Request.
  Time since last request: 768.069601 seconds.
  path: Assets/Prefabs/Spikes/spike_ground1.png
  artifactKey: Guid(1fa6a33fe417f8f40b0b8b14c61f78e2) Importer(815301076,1909f56bfc062723c751e8b465ee728b)
Start importing Assets/Prefabs/Spikes/spike_ground1.png using Guid(1fa6a33fe417f8f40b0b8b14c61f78e2) Importer(815301076,1909f56bfc062723c751e8b465ee728b)  -> (artifact id: '7217e3e9357486a7bf54f0876b64711c') in 0.455799 seconds
  Import took 0.611012 seconds .

========================================================================
Received Import Request.
  Time since last request: 0.000691 seconds.
  path: Assets/Prefabs/Spikes/spike_ground4.png
  artifactKey: Guid(d016bfa33411f7c4f8f9501d6c1c5a78) Importer(815301076,1909f56bfc062723c751e8b465ee728b)
Start importing Assets/Prefabs/Spikes/spike_ground4.png using Guid(d016bfa33411f7c4f8f9501d6c1c5a78) Importer(815301076,1909f56bfc062723c751e8b465ee728b)  -> (artifact id: 'c8c300e2a4ecce221d9ced1f05575418') in 0.151346 seconds
  Import took 0.219577 seconds .

========================================================================
Received Import Request.
  Time since last request: 0.000823 seconds.
  path: Assets/Prefabs/Spikes/spike_ground2.png
  artifactKey: Guid(5f942b2e2b5cb4d449fb65a0c8c5e504) Importer(815301076,1909f56bfc062723c751e8b465ee728b)
Start importing Assets/Prefabs/Spikes/spike_ground2.png using Guid(5f942b2e2b5cb4d449fb65a0c8c5e504) Importer(815301076,1909f56bfc062723c751e8b465ee728b)  -> (artifact id: '533a99f6137c7cd265247fea9417c617') in 0.225405 seconds
  Import took 0.328366 seconds .

========================================================================
Received Import Request.
  Time since last request: 0.000955 seconds.
  path: Assets/Prefabs/Spikes/spike_ground3.png
  artifactKey: Guid(0960fe3adcf9b5a4ebdb466eb45e99e7) Importer(815301076,1909f56bfc062723c751e8b465ee728b)
Start importing Assets/Prefabs/Spikes/spike_ground3.png using Guid(0960fe3adcf9b5a4ebdb466eb45e99e7) Importer(815301076,1909f56bfc062723c751e8b465ee728b)  -> (artifact id: 'b5ed7c408e79709713fdb2f39060197b') in 0.096833 seconds
  Import took 0.164357 seconds .

========================================================================
Received Import Request.
  Time since last request: 0.000442 seconds.
  path: Assets/Prefabs/Spikes/spike_ground6.png
  artifactKey: Guid(d5ee384745b18484599c152467ce2241) Importer(815301076,1909f56bfc062723c751e8b465ee728b)
Start importing Assets/Prefabs/Spikes/spike_ground6.png using Guid(d5ee384745b18484599c152467ce2241) Importer(815301076,1909f56bfc062723c751e8b465ee728b)  -> (artifact id: '97eae2bb338ffb43f97fbb704c9ca2c2') in 0.092378 seconds
  Import took 0.165305 seconds .

========================================================================
Received Import Request.
  Time since last request: 0.000821 seconds.
  path: Assets/Prefabs/Spikes/spike_ground5.png
  artifactKey: Guid(61ce044f32c621645ae51f25aa067216) Importer(815301076,1909f56bfc062723c751e8b465ee728b)
Start importing Assets/Prefabs/Spikes/spike_ground5.png using Guid(61ce044f32c621645ae51f25aa067216) Importer(815301076,1909f56bfc062723c751e8b465ee728b)  -> (artifact id: 'fe63e68ee897f0accff2b706837113b4') in 0.170072 seconds
  Import took 0.229135 seconds .

========================================================================
Received Import Request.
  Time since last request: 27.361349 seconds.
  path: Assets/Prefabs/Spikes/spike_ground2.png
  artifactKey: Guid(5f942b2e2b5cb4d449fb65a0c8c5e504) Importer(815301076,1909f56bfc062723c751e8b465ee728b)
Start importing Assets/Prefabs/Spikes/spike_ground2.png using Guid(5f942b2e2b5cb4d449fb65a0c8c5e504) Importer(815301076,1909f56bfc062723c751e8b465ee728b)  -> (artifact id: 'f2297b5d40deda5d74357eb36893dcf0') in 0.061618 seconds
  Import took 0.104749 seconds .

========================================================================
Received Import Request.
  Time since last request: 0.000538 seconds.
  path: Assets/Prefabs/Spikes/spike_ground4.png
  artifactKey: Guid(d016bfa33411f7c4f8f9501d6c1c5a78) Importer(815301076,1909f56bfc062723c751e8b465ee728b)
Start importing Assets/Prefabs/Spikes/spike_ground4.png using Guid(d016bfa33411f7c4f8f9501d6c1c5a78) Importer(815301076,1909f56bfc062723c751e8b465ee728b)  -> (artifact id: 'c7a453f244420d4a8bdb68254b973ddf') in 0.146038 seconds
  Import took 0.285710 seconds .

========================================================================
Received Import Request.
  Time since last request: 0.000726 seconds.
  path: Assets/Prefabs/Spikes/spike_ground1.png
  artifactKey: Guid(1fa6a33fe417f8f40b0b8b14c61f78e2) Importer(815301076,1909f56bfc062723c751e8b465ee728b)
Start importing Assets/Prefabs/Spikes/spike_ground1.png using Guid(1fa6a33fe417f8f40b0b8b14c61f78e2) Importer(815301076,1909f56bfc062723c751e8b465ee728b)  -> (artifact id: '5f433d0af831051e3ec4bb2f5384f62c') in 0.043046 seconds
  Import took 0.090410 seconds .

========================================================================
Received Import Request.
  Time since last request: 0.000515 seconds.
  path: Assets/Prefabs/Spikes/spike_ground3.png
  artifactKey: Guid(0960fe3adcf9b5a4ebdb466eb45e99e7) Importer(815301076,1909f56bfc062723c751e8b465ee728b)
Start importing Assets/Prefabs/Spikes/spike_ground3.png using Guid(0960fe3adcf9b5a4ebdb466eb45e99e7) Importer(815301076,1909f56bfc062723c751e8b465ee728b)  -> (artifact id: '82762c4d7122c59fc433bddc1b0b0ea0') in 0.059591 seconds
  Import took 0.169288 seconds .

========================================================================
Received Import Request.
  Time since last request: 0.000738 seconds.
  path: Assets/Prefabs/Spikes/spike_ground6.png
  artifactKey: Guid(d5ee384745b18484599c152467ce2241) Importer(815301076,1909f56bfc062723c751e8b465ee728b)
Start importing Assets/Prefabs/Spikes/spike_ground6.png using Guid(d5ee384745b18484599c152467ce2241) Importer(815301076,1909f56bfc062723c751e8b465ee728b)  -> (artifact id: 'e70b42d36db8ecb17f25682fa45c1efc') in 0.085098 seconds
  Import took 0.103978 seconds .

========================================================================
Received Import Request.
  Time since last request: 0.000738 seconds.
  path: Assets/Prefabs/Spikes/spike_ground5.png
  artifactKey: Guid(61ce044f32c621645ae51f25aa067216) Importer(815301076,1909f56bfc062723c751e8b465ee728b)
Start importing Assets/Prefabs/Spikes/spike_ground5.png using Guid(61ce044f32c621645ae51f25aa067216) Importer(815301076,1909f56bfc062723c751e8b465ee728b)  -> (artifact id: '54ce0538afb23a349455916cc451dd97') in 0.065599 seconds
  Import took 0.123970 seconds .

========================================================================
Received Import Request.
  Time since last request: 13.859414 seconds.
  path: Assets/Prefabs/Spikes/spike_ground1.png
  artifactKey: Guid(1fa6a33fe417f8f40b0b8b14c61f78e2) Importer(815301076,1909f56bfc062723c751e8b465ee728b)
Start importing Assets/Prefabs/Spikes/spike_ground1.png using Guid(1fa6a33fe417f8f40b0b8b14c61f78e2) Importer(815301076,1909f56bfc062723c751e8b465ee728b)  -> (artifact id: 'f8615fb68007d6df35b1c896f16c14bb') in 0.020127 seconds
  Import took 0.046730 seconds .

========================================================================
Received Import Request.
  Time since last request: 0.000356 seconds.
  path: Assets/Prefabs/Spikes/spike_ground4.png
  artifactKey: Guid(d016bfa33411f7c4f8f9501d6c1c5a78) Importer(815301076,1909f56bfc062723c751e8b465ee728b)
Start importing Assets/Prefabs/Spikes/spike_ground4.png using Guid(d016bfa33411f7c4f8f9501d6c1c5a78) Importer(815301076,1909f56bfc062723c751e8b465ee728b)  -> (artifact id: '6be0fb15e68b2e56b9cd2262feb1d45c') in 0.048258 seconds
  Import took 0.106153 seconds .

========================================================================
Received Import Request.
  Time since last request: 0.000559 seconds.
  path: Assets/Prefabs/Spikes/spike_ground2.png
  artifactKey: Guid(5f942b2e2b5cb4d449fb65a0c8c5e504) Importer(815301076,1909f56bfc062723c751e8b465ee728b)
Start importing Assets/Prefabs/Spikes/spike_ground2.png using Guid(5f942b2e2b5cb4d449fb65a0c8c5e504) Importer(815301076,1909f56bfc062723c751e8b465ee728b)  -> (artifact id: '685ec88a3ecbd341a66c3d8b9bb50348') in 0.028613 seconds
  Import took 0.113277 seconds .

========================================================================
Received Import Request.
  Time since last request: 0.000476 seconds.
  path: Assets/Prefabs/Spikes/spike_ground3.png
  artifactKey: Guid(0960fe3adcf9b5a4ebdb466eb45e99e7) Importer(815301076,1909f56bfc062723c751e8b465ee728b)
Start importing Assets/Prefabs/Spikes/spike_ground3.png using Guid(0960fe3adcf9b5a4ebdb466eb45e99e7) Importer(815301076,1909f56bfc062723c751e8b465ee728b)  -> (artifact id: '7e8d239d16bf2b8f99bc972e58cf9911') in 0.040423 seconds
  Import took 0.108413 seconds .

========================================================================
Received Import Request.
  Time since last request: 0.000521 seconds.
  path: Assets/Prefabs/Spikes/spike_ground6.png
  artifactKey: Guid(d5ee384745b18484599c152467ce2241) Importer(815301076,1909f56bfc062723c751e8b465ee728b)
Start importing Assets/Prefabs/Spikes/spike_ground6.png using Guid(d5ee384745b18484599c152467ce2241) Importer(815301076,1909f56bfc062723c751e8b465ee728b)  -> (artifact id: '94963a30653b9fbacb2042c69f85926f') in 0.051670 seconds
  Import took 0.086061 seconds .

========================================================================
Received Import Request.
  Time since last request: 0.000760 seconds.
  path: Assets/Prefabs/Spikes/spike_ground5.png
  artifactKey: Guid(61ce044f32c621645ae51f25aa067216) Importer(815301076,1909f56bfc062723c751e8b465ee728b)
Start importing Assets/Prefabs/Spikes/spike_ground5.png using Guid(61ce044f32c621645ae51f25aa067216) Importer(815301076,1909f56bfc062723c751e8b465ee728b)  -> (artifact id: '9081fa979c91ac412c6009cbbc695e29') in 0.031286 seconds
  Import took 0.109820 seconds .

